{"numTotalTestSuites":30,"numPassedTestSuites":30,"numFailedTestSuites":0,"numPendingTestSuites":0,"numTotalTests":76,"numPassedTests":76,"numFailedTests":0,"numPendingTests":0,"numTodoTests":0,"snapshot":{"added":0,"failure":false,"filesAdded":0,"filesRemoved":0,"filesRemovedList":[],"filesUnmatched":0,"filesUpdated":0,"matched":0,"total":0,"unchecked":0,"uncheckedKeysByFile":[],"unmatched":0,"updated":0,"didUpdate":false},"startTime":1778916614927,"success":true,"testResults":[{"assertionResults":[{"ancestorTitles":["ATH burn finalization"],"fullName":"ATH burn finalization ATH-00: burn operation reduces total_supply by exact burned amount and debits wallet balance","status":"passed","title":"ATH-00: burn operation reduces total_supply by exact burned amount and debits wallet balance","duration":339.0131840000013,"failureMessages":[],"meta":{},"tags":[]},{"ancestorTitles":["ATH burn finalization"],"fullName":"ATH burn finalization ATH-00C: ATH master accepts burn notification only from deterministic official ATH wallet","status":"passed","title":"ATH-00C: ATH master accepts burn notification only from deterministic official ATH wallet","duration":58.29994499999884,"failureMessages":[],"meta":{},"tags":[]},{"ancestorTitles":["ATH burn finalization"],"fullName":"ATH burn finalization ATH-00D: wrong owner cannot burn another wallet owner balance","status":"passed","title":"ATH-00D: wrong owner cannot burn another wallet owner balance","duration":64.86581100000149,"failureMessages":[],"meta":{},"tags":[]},{"ancestorTitles":["ATH burn finalization"],"fullName":"ATH burn finalization ATH-00B: transfer-to-dead-address is not treated as burn by ATH master","status":"passed","title":"ATH-00B: transfer-to-dead-address is not treated as burn by ATH master","duration":41.41880999999921,"failureMessages":[],"meta":{},"tags":[]},{"ancestorTitles":["ATH burn finalization"],"fullName":"ATH burn finalization ATH-00E: underfunded ATHBurn does not debit wallet without total_supply decrease","status":"passed","title":"ATH-00E: underfunded ATHBurn does not debit wallet without total_supply decrease","duration":142.63624100000015,"failureMessages":[],"meta":{},"tags":[]},{"ancestorTitles":["ATH burn finalization"],"fullName":"ATH burn finalization ATH-00F: burn notification bounce/failure restores wallet balance when master is unavailable","status":"passed","title":"ATH-00F: burn notification bounce/failure restores wallet balance when master is unavailable","duration":58.35301900000013,"failureMessages":[],"meta":{},"tags":[]}],"startTime":1778916629718,"endTime":1778916630423.353,"status":"passed","message":"","name":"/mnt/data/platho_m10_work/tests/ath-burn-finalization.test.ts"},{"assertionResults":[{"ancestorTitles":["ATH wallet derivation profile"],"fullName":"ATH wallet derivation profile compiled wallet code hash comes from the ATH Wallet artifact","status":"passed","title":"compiled wallet code hash comes from the ATH Wallet artifact","duration":9.521044999997684,"failureMessages":[],"meta":{},"tags":[]},{"ancestorTitles":["ATH wallet derivation profile"],"fullName":"ATH wallet derivation profile ATH Master get_wallet_address(owner) equals local StateInit derivation","status":"passed","title":"ATH Master get_wallet_address(owner) equals local StateInit derivation","duration":275.5906020000002,"failureMessages":[],"meta":{},"tags":[]}],"startTime":1778916635378,"endTime":1778916635662.5906,"status":"passed","message":"","name":"/mnt/data/platho_m10_work/tests/ath-wallet-derivation.test.ts"},{"assertionResults":[{"ancestorTitles":["CapsuleHub v1 milestone 1"],"fullName":"CapsuleHub v1 milestone 1 CAPSULE-02/CAPSULE-ID-01/03: public direct publish assigns sequential entry_id and accrues fee","status":"passed","title":"CAPSULE-02/CAPSULE-ID-01/03: public direct publish assigns sequential entry_id and accrues fee","duration":452.21090600000025,"failureMessages":[],"meta":{},"tags":[]},{"ancestorTitles":["CapsuleHub v1 milestone 1"],"fullName":"CapsuleHub v1 milestone 1 CAPSULE-03: public direct publish rejects author spoofing","status":"passed","title":"CAPSULE-03: public direct publish rejects author spoofing","duration":82.08020899999974,"failureMessages":[],"meta":{},"tags":[]},{"ancestorTitles":["CapsuleHub v1 milestone 1"],"fullName":"CapsuleHub v1 milestone 1 CAPSULE-01: private direct publish validates allowed header/body/suite pair and accrues fee","status":"passed","title":"CAPSULE-01: private direct publish validates allowed header/body/suite pair and accrues fee","duration":73.18095399999993,"failureMessages":[],"meta":{},"tags":[]},{"ancestorTitles":["CapsuleHub v1 milestone 1"],"fullName":"CapsuleHub v1 milestone 1 CAP-REJECT-07A: private direct publish rejects mismatched size_class/crypto_suite and zero headers","status":"passed","title":"CAP-REJECT-07A: private direct publish rejects mismatched size_class/crypto_suite and zero headers","duration":87.49264099999982,"failureMessages":[],"meta":{},"tags":[]},{"ancestorTitles":["CapsuleHub v1 milestone 1"],"fullName":"CapsuleHub v1 milestone 1 CAPSULE-ID-06B: failed/underfunded publish does not create entry_id gaps","status":"passed","title":"CAPSULE-ID-06B: failed/underfunded publish does not create entry_id gaps","duration":80.4756769999999,"failureMessages":[],"meta":{},"tags":[]},{"ancestorTitles":["CapsuleHub v1 milestone 1"],"fullName":"CapsuleHub v1 milestone 1 CAPSULE-ID-07/09: first entry in a page charges page storage reserve; later same page does not require it","status":"passed","title":"CAPSULE-ID-07/09: first entry in a page charges page storage reserve; later same page does not require it","duration":96.16862600000013,"failureMessages":[],"meta":{},"tags":[]},{"ancestorTitles":["CapsuleHub v1 milestone 1"],"fullName":"CapsuleHub v1 milestone 1 CAPSULE-FEE-01/02/03/04: FlushFees(amount) is bounce-safe and restores accrued on bounce","status":"passed","title":"CAPSULE-FEE-01/02/03/04: FlushFees(amount) is bounce-safe and restores accrued on bounce","duration":97.46372400000018,"failureMessages":[],"meta":{},"tags":[]},{"ancestorTitles":["CapsuleHub v1 milestone 1"],"fullName":"CapsuleHub v1 milestone 1 CAPSULE-FEE-01/05: FlushFees(amount) debits accrued for deployed FeeAccumulator receiver","status":"passed","title":"CAPSULE-FEE-01/05: FlushFees(amount) debits accrued for deployed FeeAccumulator receiver","duration":73.69265199999973,"failureMessages":[],"meta":{},"tags":[]},{"ancestorTitles":["CapsuleHub v1 milestone 1"],"fullName":"CapsuleHub v1 milestone 1 CAPSULE-04/CAPSULE-ID-04: Vault private publish from immutable Vault creates entry and ACKs","status":"passed","title":"CAPSULE-04/CAPSULE-ID-04: Vault private publish from immutable Vault creates entry and ACKs","duration":77.37913099999969,"failureMessages":[],"meta":{},"tags":[]},{"ancestorTitles":["CapsuleHub v1 milestone 1"],"fullName":"CapsuleHub v1 milestone 1 CAPSULE-05: Vault public publish accepts verified author from immutable Vault and ACKs","status":"passed","title":"CAPSULE-05: Vault public publish accepts verified author from immutable Vault and ACKs","duration":91.47029099999963,"failureMessages":[],"meta":{},"tags":[]},{"ancestorTitles":["CapsuleHub v1 milestone 1"],"fullName":"CapsuleHub v1 milestone 1 CAP-REJECT-07: Vault-only publish from non-Vault sender rejected","status":"passed","title":"CAP-REJECT-07: Vault-only publish from non-Vault sender rejected","duration":57.47817900000064,"failureMessages":[],"meta":{},"tags":[]},{"ancestorTitles":["CapsuleHub v1 milestone 1"],"fullName":"CapsuleHub v1 milestone 1 CAP-REJECT-08: Vault publish rejects protocol_fee_paid greater than full fee","status":"passed","title":"CAP-REJECT-08: Vault publish rejects protocol_fee_paid greater than full fee","duration":68.06461099999979,"failureMessages":[],"meta":{},"tags":[]},{"ancestorTitles":["CapsuleHub v1 milestone 1"],"fullName":"CapsuleHub v1 milestone 1 NO-ADMIN: empty fallback rejected and cannot mutate state","status":"passed","title":"NO-ADMIN: empty fallback rejected and cannot mutate state","duration":66.77540299999964,"failureMessages":[],"meta":{},"tags":[]}],"startTime":1778916617556,"endTime":1778916618961.7754,"status":"passed","message":"","name":"/mnt/data/platho_m10_work/tests/capsulehub.test.ts"},{"assertionResults":[{"ancestorTitles":["Deployment ATH wallet binding profile"],"fullName":"Deployment ATH wallet binding profile DEPLOY-ATH-BIND-00: storing final official ATH wallet in Vault StateInit creates a self-address circularity","status":"passed","title":"DEPLOY-ATH-BIND-00: storing final official ATH wallet in Vault StateInit creates a self-address circularity","duration":26.363448000000062,"failureMessages":[],"meta":{},"tags":[]},{"ancestorTitles":["Deployment ATH wallet binding profile"],"fullName":"Deployment ATH wallet binding profile DEPLOY-04A/Vault: official ATH wallet is derived after Vault address exists, bound before seal, and frozen after seal","status":"passed","title":"DEPLOY-04A/Vault: official ATH wallet is derived after Vault address exists, bound before seal, and frozen after seal","duration":414.00394100000267,"failureMessages":[],"meta":{},"tags":[]}],"startTime":1778916634433,"endTime":1778916634874.004,"status":"passed","message":"","name":"/mnt/data/platho_m10_work/tests/deployment-ath-wallet-binding.test.ts"},{"assertionResults":[{"ancestorTitles":["Deployment binding profile"],"fullName":"Deployment binding profile DEPLOY-BIND-01/02/03/08: Vault and CapsuleHub bind each other once before seal and expose manifest hash","status":"passed","title":"DEPLOY-BIND-01/02/03/08: Vault and CapsuleHub bind each other once before seal and expose manifest hash","duration":391.58947400000034,"failureMessages":[],"meta":{},"tags":[]},{"ancestorTitles":["Deployment binding profile"],"fullName":"Deployment binding profile DEPLOY-BIND-04: second binding attempt is rejected and cannot overwrite counterpart address","status":"passed","title":"DEPLOY-BIND-04: second binding attempt is rejected and cannot overwrite counterpart address","duration":103.70474800000011,"failureMessages":[],"meta":{},"tags":[]},{"ancestorTitles":["Deployment binding profile"],"fullName":"Deployment binding profile DEPLOY-BIND-05/06: user operations before seal are rejected and seal fails if binding is missing","status":"passed","title":"DEPLOY-BIND-05/06: user operations before seal are rejected and seal fails if binding is missing","duration":121.94064400000025,"failureMessages":[],"meta":{},"tags":[]},{"ancestorTitles":["Deployment binding profile"],"fullName":"Deployment binding profile DEPLOY-BIND-07/09: post-seal binding is rejected forever and user operations work only after seal","status":"passed","title":"DEPLOY-BIND-07/09: post-seal binding is rejected forever and user operations work only after seal","duration":183.48671899999863,"failureMessages":[],"meta":{},"tags":[]}],"startTime":1778916625716,"endTime":1778916626517.4868,"status":"passed","message":"","name":"/mnt/data/platho_m10_work/tests/deployment-binding.test.ts"},{"assertionResults":[{"ancestorTitles":["FeeAccumulator v1 milestone"],"fullName":"FeeAccumulator v1 milestone FEE-01: accepts permissionless protocol fee deposits and credits exact accounted principal only","status":"passed","title":"FEE-01: accepts permissionless protocol fee deposits and credits exact accounted principal only","duration":369.7724960000014,"failureMessages":[],"meta":{},"tags":[]},{"ancestorTitles":["FeeAccumulator v1 milestone"],"fullName":"FeeAccumulator v1 milestone FEE-DUE-01/01A/01B: split is internal only, exact in nanotons, dust goes to buyback","status":"passed","title":"FEE-DUE-01/01A/01B: split is internal only, exact in nanotons, dust goes to buyback","duration":66.45901299999969,"failureMessages":[],"meta":{},"tags":[]},{"ancestorTitles":["FeeAccumulator v1 milestone"],"fullName":"FeeAccumulator v1 milestone FEE-DUE-05: treasury flush uses immutable terminal receiver and debits treasury_due_ton only by requested amount","status":"passed","title":"FEE-DUE-05: treasury flush uses immutable terminal receiver and debits treasury_due_ton only by requested amount","duration":76.04789900000105,"failureMessages":[],"meta":{},"tags":[]},{"ancestorTitles":["FeeAccumulator v1 milestone"],"fullName":"FeeAccumulator v1 milestone FEE-DUE-06: buyback flush bounce restores buyback_due_ton","status":"passed","title":"FEE-DUE-06: buyback flush bounce restores buyback_due_ton","duration":90.88027599999987,"failureMessages":[],"meta":{},"tags":[]},{"ancestorTitles":["FeeAccumulator v1 milestone"],"fullName":"FeeAccumulator v1 milestone FEE-DUE-07: buyback flush to deployed receiver is not treated as treasury final profile","status":"passed","title":"FEE-DUE-07: buyback flush to deployed receiver is not treated as treasury final profile","duration":87.2864069999996,"failureMessages":[],"meta":{},"tags":[]},{"ancestorTitles":["FeeAccumulator v1 milestone"],"fullName":"FeeAccumulator v1 milestone NO-ADMIN: empty fallback is rejected and cannot mutate accounting","status":"passed","title":"NO-ADMIN: empty fallback is rejected and cannot mutate accounting","duration":53.698569000000134,"failureMessages":[],"meta":{},"tags":[]}],"startTime":1778916630943,"endTime":1778916631687.6985,"status":"passed","message":"","name":"/mnt/data/platho_m10_work/tests/fee-accumulator.test.ts"},{"assertionResults":[{"ancestorTitles":["UsernameNFTItem v1 milestone"],"fullName":"UsernameNFTItem v1 milestone USERNAME-NFT-01: item StateInit deterministically binds owner wallet, registry address, and name hash","status":"passed","title":"USERNAME-NFT-01: item StateInit deterministically binds owner wallet, registry address, and name hash","duration":280.13665599999877,"failureMessages":[],"meta":{},"tags":[]},{"ancestorTitles":["UsernameNFTItem v1 milestone"],"fullName":"UsernameNFTItem v1 milestone USERNAME-NFT-02: ResendDeployedAck is permissionless and sends immutable owner/name identity to registry","status":"passed","title":"USERNAME-NFT-02: ResendDeployedAck is permissionless and sends immutable owner/name identity to registry","duration":68.8841969999994,"failureMessages":[],"meta":{},"tags":[]},{"ancestorTitles":["UsernameNFTItem v1 milestone"],"fullName":"UsernameNFTItem v1 milestone USERNAME-NFT-03: TopUpStorageReserve grants no ownership/name mutation and empty fallback is rejected","status":"passed","title":"USERNAME-NFT-03: TopUpStorageReserve grants no ownership/name mutation and empty fallback is rejected","duration":64.97234499999831,"failureMessages":[],"meta":{},"tags":[]}],"startTime":1778916633452,"endTime":1778916633865.9724,"status":"passed","message":"","name":"/mnt/data/platho_m10_work/tests/username-nft-item.test.ts"},{"assertionResults":[{"ancestorTitles":["UsernameRegistry foundation milestone"],"fullName":"UsernameRegistry foundation milestone USERNAME-REG-M9-01: price getter enforces pinned name length tiers without accepting 1-3 char names","status":"passed","title":"USERNAME-REG-M9-01: price getter enforces pinned name length tiers without accepting 1-3 char names","duration":324.20870800000193,"failureMessages":[],"meta":{},"tags":[]},{"ancestorTitles":["UsernameRegistry foundation milestone"],"fullName":"UsernameRegistry foundation milestone USERNAME-REG-M9-02: get_username_item_address equals local UsernameNFTItem StateInit derivation","status":"passed","title":"USERNAME-REG-M9-02: get_username_item_address equals local UsernameNFTItem StateInit derivation","duration":46.87511000000086,"failureMessages":[],"meta":{},"tags":[]},{"ancestorTitles":["UsernameRegistry foundation milestone"],"fullName":"UsernameRegistry foundation milestone USERNAME-REG-M9-03: item derivation follows owner workchain, including masterchain owner fixture","status":"passed","title":"USERNAME-REG-M9-03: item derivation follows owner workchain, including masterchain owner fixture","duration":39.72874899999806,"failureMessages":[],"meta":{},"tags":[]},{"ancestorTitles":["UsernameRegistry foundation milestone"],"fullName":"UsernameRegistry foundation milestone USERNAME-REG-M9-04: official ATH wallet binds before seal and cannot be changed after seal","status":"passed","title":"USERNAME-REG-M9-04: official ATH wallet binds before seal and cannot be changed after seal","duration":108.01138899999933,"failureMessages":[],"meta":{},"tags":[]},{"ancestorTitles":["UsernameRegistry foundation milestone"],"fullName":"UsernameRegistry foundation milestone USERNAME-REG-M9-05: seal fails without official ATH wallet binding and storage top-up grants no authority","status":"passed","title":"USERNAME-REG-M9-05: seal fails without official ATH wallet binding and storage top-up grants no authority","duration":91.04344499999934,"failureMessages":[],"meta":{},"tags":[]}],"startTime":1778916632245,"endTime":1778916632855.0435,"status":"passed","message":"","name":"/mnt/data/platho_m10_work/tests/username-registry-foundation.test.ts"},{"assertionResults":[{"ancestorTitles":["UsernameRegistry paid mint milestone"],"fullName":"UsernameRegistry paid mint milestone USERNAME-REG-M10-01: valid official ATH username mint deploys deterministic item, consumes pending, and credits treasury/burn due after ACK","status":"passed","title":"USERNAME-REG-M10-01: valid official ATH username mint deploys deterministic item, consumes pending, and credits treasury/burn due after ACK","duration":391.5136770000008,"failureMessages":[],"meta":{},"tags":[]},{"ancestorTitles":["UsernameRegistry paid mint milestone"],"fullName":"UsernameRegistry paid mint milestone USERNAME-REG-M10-02: invalid uppercase username from official ATH wallet creates refund due and no pending/name record","status":"passed","title":"USERNAME-REG-M10-02: invalid uppercase username from official ATH wallet creates refund due and no pending/name record","duration":90.01470700000027,"failureMessages":[],"meta":{},"tags":[]},{"ancestorTitles":["UsernameRegistry paid mint milestone"],"fullName":"UsernameRegistry paid mint milestone USERNAME-REG-M10-03: non-official ATH sender is rejected and cannot create refund, pending, or name record","status":"passed","title":"USERNAME-REG-M10-03: non-official ATH sender is rejected and cannot create refund, pending, or name record","duration":80.12275799999952,"failureMessages":[],"meta":{},"tags":[]},{"ancestorTitles":["UsernameRegistry paid mint milestone"],"fullName":"UsernameRegistry paid mint milestone USERNAME-REG-M10-04: duplicate finalized username creates refund due for the second minter without changing the existing record","status":"passed","title":"USERNAME-REG-M10-04: duplicate finalized username creates refund due for the second minter without changing the existing record","duration":98.34135500000048,"failureMessages":[],"meta":{},"tags":[]},{"ancestorTitles":["UsernameRegistry paid mint milestone"],"fullName":"UsernameRegistry paid mint milestone USERNAME-REG-M10-05: price tiers are enforced as exact ATH amounts and underpay is refunded","status":"passed","title":"USERNAME-REG-M10-05: price tiers are enforced as exact ATH amounts and underpay is refunded","duration":118.3101170000009,"failureMessages":[],"meta":{},"tags":[]}],"startTime":1778916624365,"endTime":1778916625143.31,"status":"passed","message":"","name":"/mnt/data/platho_m10_work/tests/username-registry-paid-mint.test.ts"},{"assertionResults":[{"ancestorTitles":["Vault milestone 4: ATH deposit/withdraw integration"],"fullName":"Vault milestone 4: ATH deposit/withdraw integration VAULT-HAPPY-03: first ATH deposit from official wallet creates UserState and credits ath_balance","status":"passed","title":"VAULT-HAPPY-03: first ATH deposit from official wallet creates UserState and credits ath_balance","duration":362.3350130000017,"failureMessages":[],"meta":{},"tags":[]},{"ancestorTitles":["Vault milestone 4: ATH deposit/withdraw integration"],"fullName":"Vault milestone 4: ATH deposit/withdraw integration VAULT-REJECT-11: ATH notification from non-official wallet is rejected","status":"passed","title":"VAULT-REJECT-11: ATH notification from non-official wallet is rejected","duration":93.85390700000062,"failureMessages":[],"meta":{},"tags":[]},{"ancestorTitles":["Vault milestone 4: ATH deposit/withdraw integration"],"fullName":"Vault milestone 4: ATH deposit/withdraw integration VAULT-REJECT-11A: first ATH deposit without sufficient forwarded TON is rejected","status":"passed","title":"VAULT-REJECT-11A: first ATH deposit without sufficient forwarded TON is rejected","duration":80.23546499999975,"failureMessages":[],"meta":{},"tags":[]},{"ancestorTitles":["Vault milestone 4: ATH deposit/withdraw integration"],"fullName":"Vault milestone 4: ATH deposit/withdraw integration VAULT-HAPPY-05: ATH withdrawal debits ath_balance and clears pending on official wallet ack","status":"passed","title":"VAULT-HAPPY-05: ATH withdrawal debits ath_balance and clears pending on official wallet ack","duration":125.9098439999998,"failureMessages":[],"meta":{},"tags":[]},{"ancestorTitles":["Vault milestone 4: ATH deposit/withdraw integration"],"fullName":"Vault milestone 4: ATH deposit/withdraw integration VAULT-REJECT-02A: ATH withdrawal bounce/failure restores ath_balance and clears pending","status":"passed","title":"VAULT-REJECT-02A: ATH withdrawal bounce/failure restores ath_balance and clears pending","duration":105.32890700000098,"failureMessages":[],"meta":{},"tags":[]},{"ancestorTitles":["Vault milestone 4: ATH deposit/withdraw integration"],"fullName":"Vault milestone 4: ATH deposit/withdraw integration VAULT-REJECT: ATH withdrawal rejects insufficient balance without mutation","status":"passed","title":"VAULT-REJECT: ATH withdrawal rejects insufficient balance without mutation","duration":104.43339799999922,"failureMessages":[],"meta":{},"tags":[]}],"startTime":1778916622882,"endTime":1778916623755.4333,"status":"passed","message":"","name":"/mnt/data/platho_m10_work/tests/vault-ath-integration.test.ts"},{"assertionResults":[{"ancestorTitles":["Vault milestone 6: external session pre-accept gate and pending publish"],"fullName":"Vault milestone 6: external session pre-accept gate and pending publish VAULT-M6-EXT-01: valid signed request consumes nonce, debits max_charge, and creates pending publish when no ACK exists yet","status":"passed","title":"VAULT-M6-EXT-01: valid signed request consumes nonce, debits max_charge, and creates pending publish when no ACK exists yet","duration":574.1939469999998,"failureMessages":[],"meta":{},"tags":[]},{"ancestorTitles":["Vault milestone 6: external session pre-accept gate and pending publish"],"fullName":"Vault milestone 6: external session pre-accept gate and pending publish VAULT-EXT-01: invalid signature is rejected before nonce/budget mutation","status":"passed","title":"VAULT-EXT-01: invalid signature is rejected before nonce/budget mutation","duration":149.70136899999943,"failureMessages":[],"meta":{},"tags":[]},{"ancestorTitles":["Vault milestone 6: external session pre-accept gate and pending publish"],"fullName":"Vault milestone 6: external session pre-accept gate and pending publish VAULT-EXT-07: duplicate external request cannot be accepted twice","status":"passed","title":"VAULT-EXT-07: duplicate external request cannot be accepted twice","duration":160.15209400000003,"failureMessages":[],"meta":{},"tags":[]},{"ancestorTitles":["Vault milestone 6: external session pre-accept gate and pending publish"],"fullName":"Vault milestone 6: external session pre-accept gate and pending publish VAULT-EXT-07A/07B/07B1/07B2: invalid op/profile/max_charge rejected before mutation","status":"passed","title":"VAULT-EXT-07A/07B/07B1/07B2: invalid op/profile/max_charge rejected before mutation","duration":135.54653700000017,"failureMessages":[],"meta":{},"tags":[]},{"ancestorTitles":["Vault milestone 6: external session pre-accept gate and pending publish"],"fullName":"Vault milestone 6: external session pre-accept gate and pending publish VAULT-EXT-03: expired session rejected before mutation","status":"passed","title":"VAULT-EXT-03: expired session rejected before mutation","duration":133.7464259999997,"failureMessages":[],"meta":{},"tags":[]}],"startTime":1778916619590,"endTime":1778916620744.7463,"status":"passed","message":"","name":"/mnt/data/platho_m10_work/tests/vault-external-session-gate.test.ts"},{"assertionResults":[{"ancestorTitles":["Vault milestone 2: KeyRecord + key_generation lifecycle"],"fullName":"Vault milestone 2: KeyRecord + key_generation lifecycle VAULT-HAPPY-06: first key registration creates UserState and key_generation 0 record","status":"passed","title":"VAULT-HAPPY-06: first key registration creates UserState and key_generation 0 record","duration":375.73455399999875,"failureMessages":[],"meta":{},"tags":[]},{"ancestorTitles":["Vault milestone 2: KeyRecord + key_generation lifecycle"],"fullName":"Vault milestone 2: KeyRecord + key_generation lifecycle VAULT-HAPPY-07: key replacement revokes previous key and creates generation 1","status":"passed","title":"VAULT-HAPPY-07: key replacement revokes previous key and creates generation 1","duration":137.53258599999936,"failureMessages":[],"meta":{},"tags":[]},{"ancestorTitles":["Vault milestone 2: KeyRecord + key_generation lifecycle"],"fullName":"Vault milestone 2: KeyRecord + key_generation lifecycle VAULT-REJECT: cannot register twice and cannot replace before registration","status":"passed","title":"VAULT-REJECT: cannot register twice and cannot replace before registration","duration":126.91924199999994,"failureMessages":[],"meta":{},"tags":[]},{"ancestorTitles":["Vault milestone 2: KeyRecord + key_generation lifecycle"],"fullName":"Vault milestone 2: KeyRecord + key_generation lifecycle VAULT-REJECT: invalid suite/key profile is rejected without mutating current key","status":"passed","title":"VAULT-REJECT: invalid suite/key profile is rejected without mutating current key","duration":116.15997400000015,"failureMessages":[],"meta":{},"tags":[]}],"startTime":1778916627040,"endTime":1778916627796.16,"status":"passed","message":"","name":"/mnt/data/platho_m10_work/tests/vault-key-records.test.ts"},{"assertionResults":[{"ancestorTitles":["Vault milestone 6: external publish orchestration"],"fullName":"Vault milestone 6: external publish orchestration VAULT-M6-01: valid external private publish reaches CapsuleHub, receives ACK, and clears PendingPublish","status":"passed","title":"VAULT-M6-01: valid external private publish reaches CapsuleHub, receives ACK, and clears PendingPublish","duration":596.4056450000007,"failureMessages":[],"meta":{},"tags":[]},{"ancestorTitles":["Vault milestone 6: external publish orchestration"],"fullName":"Vault milestone 6: external publish orchestration VAULT-M6-02: bounced CapsuleHub publish clears PendingPublish and refunds through active message budget","status":"passed","title":"VAULT-M6-02: bounced CapsuleHub publish clears PendingPublish and refunds through active message budget","duration":166.2054879999996,"failureMessages":[],"meta":{},"tags":[]}],"startTime":1778916628343,"endTime":1778916629106.2056,"status":"passed","message":"","name":"/mnt/data/platho_m10_work/tests/vault-m6-publish.test.ts"},{"assertionResults":[{"ancestorTitles":["Vault milestone 3: ReceiveIntent"],"fullName":"Vault milestone 3: ReceiveIntent VAULT-HAPPY-14/15: create locks sender TON and claim credits recipient UserState","status":"passed","title":"VAULT-HAPPY-14/15: create locks sender TON and claim credits recipient UserState","duration":502.46013500000004,"failureMessages":[],"meta":{},"tags":[]},{"ancestorTitles":["Vault milestone 3: ReceiveIntent"],"fullName":"Vault milestone 3: ReceiveIntent VAULT-HAPPY-16: cancel returns locked TON to sender and deletes intent","status":"passed","title":"VAULT-HAPPY-16: cancel returns locked TON to sender and deletes intent","duration":152.3201100000001,"failureMessages":[],"meta":{},"tags":[]},{"ancestorTitles":["Vault milestone 3: ReceiveIntent"],"fullName":"Vault milestone 3: ReceiveIntent VAULT-REJECT: wrong recipient or wrong secret cannot claim","status":"passed","title":"VAULT-REJECT: wrong recipient or wrong secret cannot claim","duration":146.88231099999985,"failureMessages":[],"meta":{},"tags":[]},{"ancestorTitles":["Vault milestone 3: ReceiveIntent"],"fullName":"Vault milestone 3: ReceiveIntent VAULT-REJECT: duplicate intent_id and insufficient sender balance are rejected without mutation","status":"passed","title":"VAULT-REJECT: duplicate intent_id and insufficient sender balance are rejected without mutation","duration":150.60687000000007,"failureMessages":[],"meta":{},"tags":[]},{"ancestorTitles":["Vault milestone 3: ReceiveIntent"],"fullName":"Vault milestone 3: ReceiveIntent VAULT-REJECT: expired intent cannot be claimed but sender can cancel after expiry","status":"passed","title":"VAULT-REJECT: expired intent cannot be claimed but sender can cancel after expiry","duration":140.52904099999978,"failureMessages":[],"meta":{},"tags":[]},{"ancestorTitles":["Vault milestone 3: ReceiveIntent"],"fullName":"Vault milestone 3: ReceiveIntent VAULT-REJECT: session-like/non-sender caller cannot create or cancel with someone else balance","status":"passed","title":"VAULT-REJECT: session-like/non-sender caller cannot create or cancel with someone else balance","duration":154.05230699999993,"failureMessages":[],"meta":{},"tags":[]}],"startTime":1778916615614,"endTime":1778916616862.0522,"status":"passed","message":"","name":"/mnt/data/platho_m10_work/tests/vault-receive-intent.test.ts"},{"assertionResults":[{"ancestorTitles":["Vault milestone 1: balances + session lifecycle"],"fullName":"Vault milestone 1: balances + session lifecycle VAULT-HAPPY-01/02: first TON deposit creates UserState, later deposit does not create another user","status":"passed","title":"VAULT-HAPPY-01/02: first TON deposit creates UserState, later deposit does not create another user","duration":392.12575900000047,"failureMessages":[],"meta":{},"tags":[]},{"ancestorTitles":["Vault milestone 1: balances + session lifecycle"],"fullName":"Vault milestone 1: balances + session lifecycle VAULT-HAPPY-04/REJECT-02B: TON withdrawal debits balance and action failure cannot leave negative state","status":"passed","title":"VAULT-HAPPY-04/REJECT-02B: TON withdrawal debits balance and action failure cannot leave negative state","duration":134.24389100000008,"failureMessages":[],"meta":{},"tags":[]},{"ancestorTitles":["Vault milestone 1: balances + session lifecycle"],"fullName":"Vault milestone 1: balances + session lifecycle VAULT-HAPPY-08: OP_SET_SESSION can create UserState and SessionState with fresh session_id","status":"passed","title":"VAULT-HAPPY-08: OP_SET_SESSION can create UserState and SessionState with fresh session_id","duration":91.88536299999942,"failureMessages":[],"meta":{},"tags":[]},{"ancestorTitles":["Vault milestone 1: balances + session lifecycle"],"fullName":"Vault milestone 1: balances + session lifecycle VAULT-HAPPY-08A: OP_SET_SESSION after expired active session installs fresh expiry and keeps Message Budget allocated","status":"passed","title":"VAULT-HAPPY-08A: OP_SET_SESSION after expired active session installs fresh expiry and keeps Message Budget allocated","duration":129.08917400000064,"failureMessages":[],"meta":{},"tags":[]},{"ancestorTitles":["Vault milestone 1: balances + session lifecycle"],"fullName":"Vault milestone 1: balances + session lifecycle VAULT-HAPPY-09/10: Message Budget top-up requires active session and revoke returns budget to ton_balance","status":"passed","title":"VAULT-HAPPY-09/10: Message Budget top-up requires active session and revoke returns budget to ton_balance","duration":131.77237799999966,"failureMessages":[],"meta":{},"tags":[]},{"ancestorTitles":["Vault milestone 1: balances + session lifecycle"],"fullName":"Vault milestone 1: balances + session lifecycle VAULT-HAPPY-09A/REJECT-06B: expired active session can revoke but cannot top up Message Budget","status":"passed","title":"VAULT-HAPPY-09A/REJECT-06B: expired active session can revoke but cannot top up Message Budget","duration":122.99576400000024,"failureMessages":[],"meta":{},"tags":[]},{"ancestorTitles":["Vault milestone 1: balances + session lifecycle"],"fullName":"Vault milestone 1: balances + session lifecycle NO-ADMIN: empty fallback is rejected and cannot mutate Vault accounting","status":"passed","title":"NO-ADMIN: empty fallback is rejected and cannot mutate Vault accounting","duration":71.34491899999921,"failureMessages":[],"meta":{},"tags":[]}],"startTime":1778916621226,"endTime":1778916622301.345,"status":"passed","message":"","name":"/mnt/data/platho_m10_work/tests/vault-session-lifecycle.test.ts"}]}