{"numTotalTestSuites":30,"numPassedTestSuites":30,"numFailedTestSuites":0,"numPendingTestSuites":0,"numTotalTests":76,"numPassedTests":76,"numFailedTests":0,"numPendingTests":0,"numTodoTests":0,"snapshot":{"added":0,"failure":false,"filesAdded":0,"filesRemoved":0,"filesRemovedList":[],"filesUnmatched":0,"filesUpdated":0,"matched":0,"total":0,"unchecked":0,"uncheckedKeysByFile":[],"unmatched":0,"updated":0,"didUpdate":false},"startTime":1778916506583,"success":true,"testResults":[{"assertionResults":[{"ancestorTitles":["ATH burn finalization"],"fullName":"ATH burn finalization ATH-00: burn operation reduces total_supply by exact burned amount and debits wallet balance","status":"passed","title":"ATH-00: burn operation reduces total_supply by exact burned amount and debits wallet balance","duration":356.8221080000003,"failureMessages":[],"meta":{},"tags":[]},{"ancestorTitles":["ATH burn finalization"],"fullName":"ATH burn finalization ATH-00C: ATH master accepts burn notification only from deterministic official ATH wallet","status":"passed","title":"ATH-00C: ATH master accepts burn notification only from deterministic official ATH wallet","duration":59.30269600000065,"failureMessages":[],"meta":{},"tags":[]},{"ancestorTitles":["ATH burn finalization"],"fullName":"ATH burn finalization ATH-00D: wrong owner cannot burn another wallet owner balance","status":"passed","title":"ATH-00D: wrong owner cannot burn another wallet owner balance","duration":67.34858399999939,"failureMessages":[],"meta":{},"tags":[]},{"ancestorTitles":["ATH burn finalization"],"fullName":"ATH burn finalization ATH-00B: transfer-to-dead-address is not treated as burn by ATH master","status":"passed","title":"ATH-00B: transfer-to-dead-address is not treated as burn by ATH master","duration":46.14889700000094,"failureMessages":[],"meta":{},"tags":[]},{"ancestorTitles":["ATH burn finalization"],"fullName":"ATH burn finalization ATH-00E: underfunded ATHBurn does not debit wallet without total_supply decrease","status":"passed","title":"ATH-00E: underfunded ATHBurn does not debit wallet without total_supply decrease","duration":157.51679700000022,"failureMessages":[],"meta":{},"tags":[]},{"ancestorTitles":["ATH burn finalization"],"fullName":"ATH burn finalization ATH-00F: burn notification bounce/failure restores wallet balance when master is unavailable","status":"passed","title":"ATH-00F: burn notification bounce/failure restores wallet balance when master is unavailable","duration":62.569172000001345,"failureMessages":[],"meta":{},"tags":[]}],"startTime":1778916515514,"endTime":1778916516264.569,"status":"passed","message":"","name":"/mnt/data/platho_m10_work/tests/ath-burn-finalization.test.ts"},{"assertionResults":[{"ancestorTitles":["ATH wallet derivation profile"],"fullName":"ATH wallet derivation profile compiled wallet code hash comes from the ATH Wallet artifact","status":"passed","title":"compiled wallet code hash comes from the ATH Wallet artifact","duration":9.779113999997207,"failureMessages":[],"meta":{},"tags":[]},{"ancestorTitles":["ATH wallet derivation profile"],"fullName":"ATH wallet derivation profile ATH Master get_wallet_address(owner) equals local StateInit derivation","status":"passed","title":"ATH Master get_wallet_address(owner) equals local StateInit derivation","duration":343.8987070000003,"failureMessages":[],"meta":{},"tags":[]}],"startTime":1778916526891,"endTime":1778916527244.8987,"status":"passed","message":"","name":"/mnt/data/platho_m10_work/tests/ath-wallet-derivation.test.ts"},{"assertionResults":[{"ancestorTitles":["CapsuleHub v1 milestone 1"],"fullName":"CapsuleHub v1 milestone 1 CAPSULE-02/CAPSULE-ID-01/03: public direct publish assigns sequential entry_id and accrues fee","status":"passed","title":"CAPSULE-02/CAPSULE-ID-01/03: public direct publish assigns sequential entry_id and accrues fee","duration":362.6393750000002,"failureMessages":[],"meta":{},"tags":[]},{"ancestorTitles":["CapsuleHub v1 milestone 1"],"fullName":"CapsuleHub v1 milestone 1 CAPSULE-03: public direct publish rejects author spoofing","status":"passed","title":"CAPSULE-03: public direct publish rejects author spoofing","duration":67.36138600000004,"failureMessages":[],"meta":{},"tags":[]},{"ancestorTitles":["CapsuleHub v1 milestone 1"],"fullName":"CapsuleHub v1 milestone 1 CAPSULE-01: private direct publish validates allowed header/body/suite pair and accrues fee","status":"passed","title":"CAPSULE-01: private direct publish validates allowed header/body/suite pair and accrues fee","duration":54.764762000000246,"failureMessages":[],"meta":{},"tags":[]},{"ancestorTitles":["CapsuleHub v1 milestone 1"],"fullName":"CapsuleHub v1 milestone 1 CAP-REJECT-07A: private direct publish rejects mismatched size_class/crypto_suite and zero headers","status":"passed","title":"CAP-REJECT-07A: private direct publish rejects mismatched size_class/crypto_suite and zero headers","duration":73.94949600000018,"failureMessages":[],"meta":{},"tags":[]},{"ancestorTitles":["CapsuleHub v1 milestone 1"],"fullName":"CapsuleHub v1 milestone 1 CAPSULE-ID-06B: failed/underfunded publish does not create entry_id gaps","status":"passed","title":"CAPSULE-ID-06B: failed/underfunded publish does not create entry_id gaps","duration":68.99634900000001,"failureMessages":[],"meta":{},"tags":[]},{"ancestorTitles":["CapsuleHub v1 milestone 1"],"fullName":"CapsuleHub v1 milestone 1 CAPSULE-ID-07/09: first entry in a page charges page storage reserve; later same page does not require it","status":"passed","title":"CAPSULE-ID-07/09: first entry in a page charges page storage reserve; later same page does not require it","duration":93.71660100000008,"failureMessages":[],"meta":{},"tags":[]},{"ancestorTitles":["CapsuleHub v1 milestone 1"],"fullName":"CapsuleHub v1 milestone 1 CAPSULE-FEE-01/02/03/04: FlushFees(amount) is bounce-safe and restores accrued on bounce","status":"passed","title":"CAPSULE-FEE-01/02/03/04: FlushFees(amount) is bounce-safe and restores accrued on bounce","duration":78.60466799999995,"failureMessages":[],"meta":{},"tags":[]},{"ancestorTitles":["CapsuleHub v1 milestone 1"],"fullName":"CapsuleHub v1 milestone 1 CAPSULE-FEE-01/05: FlushFees(amount) debits accrued for deployed FeeAccumulator receiver","status":"passed","title":"CAPSULE-FEE-01/05: FlushFees(amount) debits accrued for deployed FeeAccumulator receiver","duration":66.77371900000026,"failureMessages":[],"meta":{},"tags":[]},{"ancestorTitles":["CapsuleHub v1 milestone 1"],"fullName":"CapsuleHub v1 milestone 1 CAPSULE-04/CAPSULE-ID-04: Vault private publish from immutable Vault creates entry and ACKs","status":"passed","title":"CAPSULE-04/CAPSULE-ID-04: Vault private publish from immutable Vault creates entry and ACKs","duration":70.39577700000018,"failureMessages":[],"meta":{},"tags":[]},{"ancestorTitles":["CapsuleHub v1 milestone 1"],"fullName":"CapsuleHub v1 milestone 1 CAPSULE-05: Vault public publish accepts verified author from immutable Vault and ACKs","status":"passed","title":"CAPSULE-05: Vault public publish accepts verified author from immutable Vault and ACKs","duration":70.83942400000024,"failureMessages":[],"meta":{},"tags":[]},{"ancestorTitles":["CapsuleHub v1 milestone 1"],"fullName":"CapsuleHub v1 milestone 1 CAP-REJECT-07: Vault-only publish from non-Vault sender rejected","status":"passed","title":"CAP-REJECT-07: Vault-only publish from non-Vault sender rejected","duration":59.03773000000001,"failureMessages":[],"meta":{},"tags":[]},{"ancestorTitles":["CapsuleHub v1 milestone 1"],"fullName":"CapsuleHub v1 milestone 1 CAP-REJECT-08: Vault publish rejects protocol_fee_paid greater than full fee","status":"passed","title":"CAP-REJECT-08: Vault publish rejects protocol_fee_paid greater than full fee","duration":57.733578999999736,"failureMessages":[],"meta":{},"tags":[]},{"ancestorTitles":["CapsuleHub v1 milestone 1"],"fullName":"CapsuleHub v1 milestone 1 NO-ADMIN: empty fallback rejected and cannot mutate state","status":"passed","title":"NO-ADMIN: empty fallback rejected and cannot mutate state","duration":57.60510200000044,"failureMessages":[],"meta":{},"tags":[]}],"startTime":1778916509150,"endTime":1778916510334.605,"status":"passed","message":"","name":"/mnt/data/platho_m10_work/tests/capsulehub.test.ts"},{"assertionResults":[{"ancestorTitles":["Deployment ATH wallet binding profile"],"fullName":"Deployment ATH wallet binding profile DEPLOY-ATH-BIND-00: storing final official ATH wallet in Vault StateInit creates a self-address circularity","status":"passed","title":"DEPLOY-ATH-BIND-00: storing final official ATH wallet in Vault StateInit creates a self-address circularity","duration":28.39485599999898,"failureMessages":[],"meta":{},"tags":[]},{"ancestorTitles":["Deployment ATH wallet binding profile"],"fullName":"Deployment ATH wallet binding profile DEPLOY-04A/Vault: official ATH wallet is derived after Vault address exists, bound before seal, and frozen after seal","status":"passed","title":"DEPLOY-04A/Vault: official ATH wallet is derived after Vault address exists, bound before seal, and frozen after seal","duration":444.4430460000003,"failureMessages":[],"meta":{},"tags":[]}],"startTime":1778916524617,"endTime":1778916525089.443,"status":"passed","message":"","name":"/mnt/data/platho_m10_work/tests/deployment-ath-wallet-binding.test.ts"},{"assertionResults":[{"ancestorTitles":["Deployment binding profile"],"fullName":"Deployment binding profile DEPLOY-BIND-01/02/03/08: Vault and CapsuleHub bind each other once before seal and expose manifest hash","status":"passed","title":"DEPLOY-BIND-01/02/03/08: Vault and CapsuleHub bind each other once before seal and expose manifest hash","duration":390.7433920000003,"failureMessages":[],"meta":{},"tags":[]},{"ancestorTitles":["Deployment binding profile"],"fullName":"Deployment binding profile DEPLOY-BIND-04: second binding attempt is rejected and cannot overwrite counterpart address","status":"passed","title":"DEPLOY-BIND-04: second binding attempt is rejected and cannot overwrite counterpart address","duration":101.33753500000057,"failureMessages":[],"meta":{},"tags":[]},{"ancestorTitles":["Deployment binding profile"],"fullName":"Deployment binding profile DEPLOY-BIND-05/06: user operations before seal are rejected and seal fails if binding is missing","status":"passed","title":"DEPLOY-BIND-05/06: user operations before seal are rejected and seal fails if binding is missing","duration":123.130396999999,"failureMessages":[],"meta":{},"tags":[]},{"ancestorTitles":["Deployment binding profile"],"fullName":"Deployment binding profile DEPLOY-BIND-07/09: post-seal binding is rejected forever and user operations work only after seal","status":"passed","title":"DEPLOY-BIND-07/09: post-seal binding is rejected forever and user operations work only after seal","duration":164.34845999999925,"failureMessages":[],"meta":{},"tags":[]}],"startTime":1778916520679,"endTime":1778916521459.3484,"status":"passed","message":"","name":"/mnt/data/platho_m10_work/tests/deployment-binding.test.ts"},{"assertionResults":[{"ancestorTitles":["FeeAccumulator v1 milestone"],"fullName":"FeeAccumulator v1 milestone FEE-01: accepts permissionless protocol fee deposits and credits exact accounted principal only","status":"passed","title":"FEE-01: accepts permissionless protocol fee deposits and credits exact accounted principal only","duration":366.8174979999985,"failureMessages":[],"meta":{},"tags":[]},{"ancestorTitles":["FeeAccumulator v1 milestone"],"fullName":"FeeAccumulator v1 milestone FEE-DUE-01/01A/01B: split is internal only, exact in nanotons, dust goes to buyback","status":"passed","title":"FEE-DUE-01/01A/01B: split is internal only, exact in nanotons, dust goes to buyback","duration":68.76941299999999,"failureMessages":[],"meta":{},"tags":[]},{"ancestorTitles":["FeeAccumulator v1 milestone"],"fullName":"FeeAccumulator v1 milestone FEE-DUE-05: treasury flush uses immutable terminal receiver and debits treasury_due_ton only by requested amount","status":"passed","title":"FEE-DUE-05: treasury flush uses immutable terminal receiver and debits treasury_due_ton only by requested amount","duration":78.22550500000034,"failureMessages":[],"meta":{},"tags":[]},{"ancestorTitles":["FeeAccumulator v1 milestone"],"fullName":"FeeAccumulator v1 milestone FEE-DUE-06: buyback flush bounce restores buyback_due_ton","status":"passed","title":"FEE-DUE-06: buyback flush bounce restores buyback_due_ton","duration":82.76770299999953,"failureMessages":[],"meta":{},"tags":[]},{"ancestorTitles":["FeeAccumulator v1 milestone"],"fullName":"FeeAccumulator v1 milestone FEE-DUE-07: buyback flush to deployed receiver is not treated as treasury final profile","status":"passed","title":"FEE-DUE-07: buyback flush to deployed receiver is not treated as treasury final profile","duration":84.1354080000001,"failureMessages":[],"meta":{},"tags":[]},{"ancestorTitles":["FeeAccumulator v1 milestone"],"fullName":"FeeAccumulator v1 milestone NO-ADMIN: empty fallback is rejected and cannot mutate accounting","status":"passed","title":"NO-ADMIN: empty fallback is rejected and cannot mutate accounting","duration":55.65244900000107,"failureMessages":[],"meta":{},"tags":[]}],"startTime":1778916518193,"endTime":1778916518930.6523,"status":"passed","message":"","name":"/mnt/data/platho_m10_work/tests/fee-accumulator.test.ts"},{"assertionResults":[{"ancestorTitles":["UsernameNFTItem v1 milestone"],"fullName":"UsernameNFTItem v1 milestone USERNAME-NFT-01: item StateInit deterministically binds owner wallet, registry address, and name hash","status":"passed","title":"USERNAME-NFT-01: item StateInit deterministically binds owner wallet, registry address, and name hash","duration":351.02185499999905,"failureMessages":[],"meta":{},"tags":[]},{"ancestorTitles":["UsernameNFTItem v1 milestone"],"fullName":"UsernameNFTItem v1 milestone USERNAME-NFT-02: ResendDeployedAck is permissionless and sends immutable owner/name identity to registry","status":"passed","title":"USERNAME-NFT-02: ResendDeployedAck is permissionless and sends immutable owner/name identity to registry","duration":85.01580300000205,"failureMessages":[],"meta":{},"tags":[]},{"ancestorTitles":["UsernameNFTItem v1 milestone"],"fullName":"UsernameNFTItem v1 milestone USERNAME-NFT-03: TopUpStorageReserve grants no ownership/name mutation and empty fallback is rejected","status":"passed","title":"USERNAME-NFT-03: TopUpStorageReserve grants no ownership/name mutation and empty fallback is rejected","duration":76.78720700000122,"failureMessages":[],"meta":{},"tags":[]}],"startTime":1778916525724,"endTime":1778916526237.787,"status":"passed","message":"","name":"/mnt/data/platho_m10_work/tests/username-nft-item.test.ts"},{"assertionResults":[{"ancestorTitles":["UsernameRegistry foundation milestone"],"fullName":"UsernameRegistry foundation milestone USERNAME-REG-M9-01: price getter enforces pinned name length tiers without accepting 1-3 char names","status":"passed","title":"USERNAME-REG-M9-01: price getter enforces pinned name length tiers without accepting 1-3 char names","duration":347.5700730000026,"failureMessages":[],"meta":{},"tags":[]},{"ancestorTitles":["UsernameRegistry foundation milestone"],"fullName":"UsernameRegistry foundation milestone USERNAME-REG-M9-02: get_username_item_address equals local UsernameNFTItem StateInit derivation","status":"passed","title":"USERNAME-REG-M9-02: get_username_item_address equals local UsernameNFTItem StateInit derivation","duration":49.304840000000695,"failureMessages":[],"meta":{},"tags":[]},{"ancestorTitles":["UsernameRegistry foundation milestone"],"fullName":"UsernameRegistry foundation milestone USERNAME-REG-M9-03: item derivation follows owner workchain, including masterchain owner fixture","status":"passed","title":"USERNAME-REG-M9-03: item derivation follows owner workchain, including masterchain owner fixture","duration":46.89492699999755,"failureMessages":[],"meta":{},"tags":[]},{"ancestorTitles":["UsernameRegistry foundation milestone"],"fullName":"UsernameRegistry foundation milestone USERNAME-REG-M9-04: official ATH wallet binds before seal and cannot be changed after seal","status":"passed","title":"USERNAME-REG-M9-04: official ATH wallet binds before seal and cannot be changed after seal","duration":102.19454199999745,"failureMessages":[],"meta":{},"tags":[]},{"ancestorTitles":["UsernameRegistry foundation milestone"],"fullName":"UsernameRegistry foundation milestone USERNAME-REG-M9-05: seal fails without official ATH wallet binding and storage top-up grants no authority","status":"passed","title":"USERNAME-REG-M9-05: seal fails without official ATH wallet binding and storage top-up grants no authority","duration":79.71104299999934,"failureMessages":[],"meta":{},"tags":[]}],"startTime":1778916523313,"endTime":1778916523938.711,"status":"passed","message":"","name":"/mnt/data/platho_m10_work/tests/username-registry-foundation.test.ts"},{"assertionResults":[{"ancestorTitles":["UsernameRegistry paid mint milestone"],"fullName":"UsernameRegistry paid mint milestone USERNAME-REG-M10-01: valid official ATH username mint deploys deterministic item, consumes pending, and credits treasury/burn due after ACK","status":"passed","title":"USERNAME-REG-M10-01: valid official ATH username mint deploys deterministic item, consumes pending, and credits treasury/burn due after ACK","duration":439.9088449999999,"failureMessages":[],"meta":{},"tags":[]},{"ancestorTitles":["UsernameRegistry paid mint milestone"],"fullName":"UsernameRegistry paid mint milestone USERNAME-REG-M10-02: invalid uppercase username from official ATH wallet creates refund due and no pending/name record","status":"passed","title":"USERNAME-REG-M10-02: invalid uppercase username from official ATH wallet creates refund due and no pending/name record","duration":95.9181950000002,"failureMessages":[],"meta":{},"tags":[]},{"ancestorTitles":["UsernameRegistry paid mint milestone"],"fullName":"UsernameRegistry paid mint milestone USERNAME-REG-M10-03: non-official ATH sender is rejected and cannot create refund, pending, or name record","status":"passed","title":"USERNAME-REG-M10-03: non-official ATH sender is rejected and cannot create refund, pending, or name record","duration":81.30909100000099,"failureMessages":[],"meta":{},"tags":[]},{"ancestorTitles":["UsernameRegistry paid mint milestone"],"fullName":"UsernameRegistry paid mint milestone USERNAME-REG-M10-04: duplicate finalized username creates refund due for the second minter without changing the existing record","status":"passed","title":"USERNAME-REG-M10-04: duplicate finalized username creates refund due for the second minter without changing the existing record","duration":100.22497800000019,"failureMessages":[],"meta":{},"tags":[]},{"ancestorTitles":["UsernameRegistry paid mint milestone"],"fullName":"UsernameRegistry paid mint milestone USERNAME-REG-M10-05: price tiers are enforced as exact ATH amounts and underpay is refunded","status":"passed","title":"USERNAME-REG-M10-05: price tiers are enforced as exact ATH amounts and underpay is refunded","duration":124.83407599999919,"failureMessages":[],"meta":{},"tags":[]}],"startTime":1778916516837,"endTime":1778916517679.834,"status":"passed","message":"","name":"/mnt/data/platho_m10_work/tests/username-registry-paid-mint.test.ts"},{"assertionResults":[{"ancestorTitles":["Vault milestone 4: ATH deposit/withdraw integration"],"fullName":"Vault milestone 4: ATH deposit/withdraw integration VAULT-HAPPY-03: first ATH deposit from official wallet creates UserState and credits ath_balance","status":"passed","title":"VAULT-HAPPY-03: first ATH deposit from official wallet creates UserState and credits ath_balance","duration":348.02653799999916,"failureMessages":[],"meta":{},"tags":[]},{"ancestorTitles":["Vault milestone 4: ATH deposit/withdraw integration"],"fullName":"Vault milestone 4: ATH deposit/withdraw integration VAULT-REJECT-11: ATH notification from non-official wallet is rejected","status":"passed","title":"VAULT-REJECT-11: ATH notification from non-official wallet is rejected","duration":84.19719799999984,"failureMessages":[],"meta":{},"tags":[]},{"ancestorTitles":["Vault milestone 4: ATH deposit/withdraw integration"],"fullName":"Vault milestone 4: ATH deposit/withdraw integration VAULT-REJECT-11A: first ATH deposit without sufficient forwarded TON is rejected","status":"passed","title":"VAULT-REJECT-11A: first ATH deposit without sufficient forwarded TON is rejected","duration":74.25705300000118,"failureMessages":[],"meta":{},"tags":[]},{"ancestorTitles":["Vault milestone 4: ATH deposit/withdraw integration"],"fullName":"Vault milestone 4: ATH deposit/withdraw integration VAULT-HAPPY-05: ATH withdrawal debits ath_balance and clears pending on official wallet ack","status":"passed","title":"VAULT-HAPPY-05: ATH withdrawal debits ath_balance and clears pending on official wallet ack","duration":121.52169700000013,"failureMessages":[],"meta":{},"tags":[]},{"ancestorTitles":["Vault milestone 4: ATH deposit/withdraw integration"],"fullName":"Vault milestone 4: ATH deposit/withdraw integration VAULT-REJECT-02A: ATH withdrawal bounce/failure restores ath_balance and clears pending","status":"passed","title":"VAULT-REJECT-02A: ATH withdrawal bounce/failure restores ath_balance and clears pending","duration":110.5471839999991,"failureMessages":[],"meta":{},"tags":[]},{"ancestorTitles":["Vault milestone 4: ATH deposit/withdraw integration"],"fullName":"Vault milestone 4: ATH deposit/withdraw integration VAULT-REJECT: ATH withdrawal rejects insufficient balance without mutation","status":"passed","title":"VAULT-REJECT: ATH withdrawal rejects insufficient balance without mutation","duration":111.93849000000046,"failureMessages":[],"meta":{},"tags":[]}],"startTime":1778916514133,"endTime":1778916514983.9385,"status":"passed","message":"","name":"/mnt/data/platho_m10_work/tests/vault-ath-integration.test.ts"},{"assertionResults":[{"ancestorTitles":["Vault milestone 6: external session pre-accept gate and pending publish"],"fullName":"Vault milestone 6: external session pre-accept gate and pending publish VAULT-M6-EXT-01: valid signed request consumes nonce, debits max_charge, and creates pending publish when no ACK exists yet","status":"passed","title":"VAULT-M6-EXT-01: valid signed request consumes nonce, debits max_charge, and creates pending publish when no ACK exists yet","duration":518.3213949999999,"failureMessages":[],"meta":{},"tags":[]},{"ancestorTitles":["Vault milestone 6: external session pre-accept gate and pending publish"],"fullName":"Vault milestone 6: external session pre-accept gate and pending publish VAULT-EXT-01: invalid signature is rejected before nonce/budget mutation","status":"passed","title":"VAULT-EXT-01: invalid signature is rejected before nonce/budget mutation","duration":145.93196199999966,"failureMessages":[],"meta":{},"tags":[]},{"ancestorTitles":["Vault milestone 6: external session pre-accept gate and pending publish"],"fullName":"Vault milestone 6: external session pre-accept gate and pending publish VAULT-EXT-07: duplicate external request cannot be accepted twice","status":"passed","title":"VAULT-EXT-07: duplicate external request cannot be accepted twice","duration":176.66421199999968,"failureMessages":[],"meta":{},"tags":[]},{"ancestorTitles":["Vault milestone 6: external session pre-accept gate and pending publish"],"fullName":"Vault milestone 6: external session pre-accept gate and pending publish VAULT-EXT-07A/07B/07B1/07B2: invalid op/profile/max_charge rejected before mutation","status":"passed","title":"VAULT-EXT-07A/07B/07B1/07B2: invalid op/profile/max_charge rejected before mutation","duration":154.4786979999999,"failureMessages":[],"meta":{},"tags":[]},{"ancestorTitles":["Vault milestone 6: external session pre-accept gate and pending publish"],"fullName":"Vault milestone 6: external session pre-accept gate and pending publish VAULT-EXT-03: expired session rejected before mutation","status":"passed","title":"VAULT-EXT-03: expired session rejected before mutation","duration":147.18636100000003,"failureMessages":[],"meta":{},"tags":[]}],"startTime":1778916510801,"endTime":1778916511945.1863,"status":"passed","message":"","name":"/mnt/data/platho_m10_work/tests/vault-external-session-gate.test.ts"},{"assertionResults":[{"ancestorTitles":["Vault milestone 2: KeyRecord + key_generation lifecycle"],"fullName":"Vault milestone 2: KeyRecord + key_generation lifecycle VAULT-HAPPY-06: first key registration creates UserState and key_generation 0 record","status":"passed","title":"VAULT-HAPPY-06: first key registration creates UserState and key_generation 0 record","duration":390.0457810000007,"failureMessages":[],"meta":{},"tags":[]},{"ancestorTitles":["Vault milestone 2: KeyRecord + key_generation lifecycle"],"fullName":"Vault milestone 2: KeyRecord + key_generation lifecycle VAULT-HAPPY-07: key replacement revokes previous key and creates generation 1","status":"passed","title":"VAULT-HAPPY-07: key replacement revokes previous key and creates generation 1","duration":139.82979700000033,"failureMessages":[],"meta":{},"tags":[]},{"ancestorTitles":["Vault milestone 2: KeyRecord + key_generation lifecycle"],"fullName":"Vault milestone 2: KeyRecord + key_generation lifecycle VAULT-REJECT: cannot register twice and cannot replace before registration","status":"passed","title":"VAULT-REJECT: cannot register twice and cannot replace before registration","duration":125.2388060000012,"failureMessages":[],"meta":{},"tags":[]},{"ancestorTitles":["Vault milestone 2: KeyRecord + key_generation lifecycle"],"fullName":"Vault milestone 2: KeyRecord + key_generation lifecycle VAULT-REJECT: invalid suite/key profile is rejected without mutating current key","status":"passed","title":"VAULT-REJECT: invalid suite/key profile is rejected without mutating current key","duration":118.0349040000001,"failureMessages":[],"meta":{},"tags":[]}],"startTime":1778916521968,"endTime":1778916522741.035,"status":"passed","message":"","name":"/mnt/data/platho_m10_work/tests/vault-key-records.test.ts"},{"assertionResults":[{"ancestorTitles":["Vault milestone 6: external publish orchestration"],"fullName":"Vault milestone 6: external publish orchestration VAULT-M6-01: valid external private publish reaches CapsuleHub, receives ACK, and clears PendingPublish","status":"passed","title":"VAULT-M6-01: valid external private publish reaches CapsuleHub, receives ACK, and clears PendingPublish","duration":582.9800719999985,"failureMessages":[],"meta":{},"tags":[]},{"ancestorTitles":["Vault milestone 6: external publish orchestration"],"fullName":"Vault milestone 6: external publish orchestration VAULT-M6-02: bounced CapsuleHub publish clears PendingPublish and refunds through active message budget","status":"passed","title":"VAULT-M6-02: bounced CapsuleHub publish clears PendingPublish and refunds through active message budget","duration":186.22308800000064,"failureMessages":[],"meta":{},"tags":[]}],"startTime":1778916519417,"endTime":1778916520186.2231,"status":"passed","message":"","name":"/mnt/data/platho_m10_work/tests/vault-m6-publish.test.ts"},{"assertionResults":[{"ancestorTitles":["Vault milestone 3: ReceiveIntent"],"fullName":"Vault milestone 3: ReceiveIntent VAULT-HAPPY-14/15: create locks sender TON and claim credits recipient UserState","status":"passed","title":"VAULT-HAPPY-14/15: create locks sender TON and claim credits recipient UserState","duration":487.4802870000001,"failureMessages":[],"meta":{},"tags":[]},{"ancestorTitles":["Vault milestone 3: ReceiveIntent"],"fullName":"Vault milestone 3: ReceiveIntent VAULT-HAPPY-16: cancel returns locked TON to sender and deletes intent","status":"passed","title":"VAULT-HAPPY-16: cancel returns locked TON to sender and deletes intent","duration":161.17866700000013,"failureMessages":[],"meta":{},"tags":[]},{"ancestorTitles":["Vault milestone 3: ReceiveIntent"],"fullName":"Vault milestone 3: ReceiveIntent VAULT-REJECT: wrong recipient or wrong secret cannot claim","status":"passed","title":"VAULT-REJECT: wrong recipient or wrong secret cannot claim","duration":152.622699,"failureMessages":[],"meta":{},"tags":[]},{"ancestorTitles":["Vault milestone 3: ReceiveIntent"],"fullName":"Vault milestone 3: ReceiveIntent VAULT-REJECT: duplicate intent_id and insufficient sender balance are rejected without mutation","status":"passed","title":"VAULT-REJECT: duplicate intent_id and insufficient sender balance are rejected without mutation","duration":158.3633440000001,"failureMessages":[],"meta":{},"tags":[]},{"ancestorTitles":["Vault milestone 3: ReceiveIntent"],"fullName":"Vault milestone 3: ReceiveIntent VAULT-REJECT: expired intent cannot be claimed but sender can cancel after expiry","status":"passed","title":"VAULT-REJECT: expired intent cannot be claimed but sender can cancel after expiry","duration":140.74089400000003,"failureMessages":[],"meta":{},"tags":[]},{"ancestorTitles":["Vault milestone 3: ReceiveIntent"],"fullName":"Vault milestone 3: ReceiveIntent VAULT-REJECT: session-like/non-sender caller cannot create or cancel with someone else balance","status":"passed","title":"VAULT-REJECT: session-like/non-sender caller cannot create or cancel with someone else balance","duration":147.24974599999996,"failureMessages":[],"meta":{},"tags":[]}],"startTime":1778916507245,"endTime":1778916508494.2498,"status":"passed","message":"","name":"/mnt/data/platho_m10_work/tests/vault-receive-intent.test.ts"},{"assertionResults":[{"ancestorTitles":["Vault milestone 1: balances + session lifecycle"],"fullName":"Vault milestone 1: balances + session lifecycle VAULT-HAPPY-01/02: first TON deposit creates UserState, later deposit does not create another user","status":"passed","title":"VAULT-HAPPY-01/02: first TON deposit creates UserState, later deposit does not create another user","duration":397.7315749999998,"failureMessages":[],"meta":{},"tags":[]},{"ancestorTitles":["Vault milestone 1: balances + session lifecycle"],"fullName":"Vault milestone 1: balances + session lifecycle VAULT-HAPPY-04/REJECT-02B: TON withdrawal debits balance and action failure cannot leave negative state","status":"passed","title":"VAULT-HAPPY-04/REJECT-02B: TON withdrawal debits balance and action failure cannot leave negative state","duration":120.74577200000022,"failureMessages":[],"meta":{},"tags":[]},{"ancestorTitles":["Vault milestone 1: balances + session lifecycle"],"fullName":"Vault milestone 1: balances + session lifecycle VAULT-HAPPY-08: OP_SET_SESSION can create UserState and SessionState with fresh session_id","status":"passed","title":"VAULT-HAPPY-08: OP_SET_SESSION can create UserState and SessionState with fresh session_id","duration":108.10792399999991,"failureMessages":[],"meta":{},"tags":[]},{"ancestorTitles":["Vault milestone 1: balances + session lifecycle"],"fullName":"Vault milestone 1: balances + session lifecycle VAULT-HAPPY-08A: OP_SET_SESSION after expired active session installs fresh expiry and keeps Message Budget allocated","status":"passed","title":"VAULT-HAPPY-08A: OP_SET_SESSION after expired active session installs fresh expiry and keeps Message Budget allocated","duration":117.02868099999978,"failureMessages":[],"meta":{},"tags":[]},{"ancestorTitles":["Vault milestone 1: balances + session lifecycle"],"fullName":"Vault milestone 1: balances + session lifecycle VAULT-HAPPY-09/10: Message Budget top-up requires active session and revoke returns budget to ton_balance","status":"passed","title":"VAULT-HAPPY-09/10: Message Budget top-up requires active session and revoke returns budget to ton_balance","duration":132.3826310000004,"failureMessages":[],"meta":{},"tags":[]},{"ancestorTitles":["Vault milestone 1: balances + session lifecycle"],"fullName":"Vault milestone 1: balances + session lifecycle VAULT-HAPPY-09A/REJECT-06B: expired active session can revoke but cannot top up Message Budget","status":"passed","title":"VAULT-HAPPY-09A/REJECT-06B: expired active session can revoke but cannot top up Message Budget","duration":110.62920500000018,"failureMessages":[],"meta":{},"tags":[]},{"ancestorTitles":["Vault milestone 1: balances + session lifecycle"],"fullName":"Vault milestone 1: balances + session lifecycle NO-ADMIN: empty fallback is rejected and cannot mutate Vault accounting","status":"passed","title":"NO-ADMIN: empty fallback is rejected and cannot mutate Vault accounting","duration":69.64025099999981,"failureMessages":[],"meta":{},"tags":[]}],"startTime":1778916512504,"endTime":1778916513561.6401,"status":"passed","message":"","name":"/mnt/data/platho_m10_work/tests/vault-session-lifecycle.test.ts"}]}